<?xml version="1.0" encoding="UTF-8"?>
<!-- Generated by org.testng.reporters.JUnitReportReporter -->
<testsuite hostname="HP-PC" name="firstPackage.payment" tests="2" failures="0" timestamp="27 Jan 2021 10:15:01 GMT" time="0.014" errors="0">
  <testcase name="tc04" time="0.009" classname="firstPackage.payment"/>
  <testcase name="tc04" time="0.005" classname="firstPackage.payment"/>
</testsuite> <!-- firstPackage.payment -->
